Started by user Ricardo Munoz
Building in workspace /home/rfmu222/.jenkins/workspace/mp10_maven
 > git rev-parse --is-inside-work-tree # timeout=10
Fetching changes from the remote Git repository
 > git config remote.origin.url https://github.com/JILAKATA/mp9_maven.git # timeout=10
Fetching upstream changes from https://github.com/JILAKATA/mp9_maven.git
 > git --version # timeout=10
 > git fetch --tags --progress https://github.com/JILAKATA/mp9_maven.git +refs/heads/*:refs/remotes/origin/*
 > git rev-parse refs/remotes/origin/master^{commit} # timeout=10
 > git rev-parse refs/remotes/origin/origin/master^{commit} # timeout=10
Checking out Revision cc40e4d23e6fdf750dc8d5ac9a266a31a10f0685 (refs/remotes/origin/master)
 > git config core.sparsecheckout # timeout=10
 > git checkout -f cc40e4d23e6fdf750dc8d5ac9a266a31a10f0685
Commit message: "q6"
 > git rev-list cc40e4d23e6fdf750dc8d5ac9a266a31a10f0685 # timeout=10
Parsing POMs
Established TCP socket on 38459
[mp10_maven] $ java -Xmx2048m -cp /home/rfmu222/.jenkins/plugins/maven-plugin/WEB-INF/lib/maven33-agent-1.12-alpha-1.jar:/usr/share/maven/boot/plexus-classworlds-2.x.jar:/usr/share/maven/conf/logging jenkins.maven3.agent.Maven33Main /usr/share/maven /home/rfmu222/.jenkins/war/WEB-INF/lib/remoting-3.12.jar /home/rfmu222/.jenkins/plugins/maven-plugin/WEB-INF/lib/maven33-interceptor-1.12-alpha-1.jar /home/rfmu222/.jenkins/plugins/maven-plugin/WEB-INF/lib/maven3-interceptor-commons-1.12-alpha-1.jar 38459
<===[JENKINS REMOTING CAPACITY]===>���channel started
Executing Maven:  -B -f /home/rfmu222/.jenkins/workspace/mp10_maven/pom.xml clean -Plight-test install
[INFO] Scanning for projects...
[INFO] ------------------------------------------------------------------------
[INFO] Reactor Build Order:
[INFO] 
[INFO] Jenkins main module
[INFO] Jenkins cli
[INFO] Jenkins core
[INFO] Jenkins war
[INFO] Test harness for Jenkins and plugins
[INFO] Jenkins plugin POM
[INFO]                                                                         
[INFO] ------------------------------------------------------------------------
[INFO] Building Jenkins main module 1.610-SNAPSHOT
[INFO] ------------------------------------------------------------------------
[INFO] 
[INFO] --- maven-clean-plugin:2.4.1:clean (default-clean) @ pom ---
[INFO] 
[INFO] --- maven-enforcer-plugin:1.0.1:enforce (enforce-maven) @ pom ---
[INFO] 
[INFO] --- maven-enforcer-plugin:1.0.1:display-info (display-info) @ pom ---
[INFO] Maven Version: 3.3.9
[INFO] JDK Version: 1.8.0_131 normalized as: 1.8.0-131
[INFO] OS Info: Arch: amd64 Family: unix Name: linux Version: 4.4.0-92-generic
[INFO] 
[INFO] --- maven-enforcer-plugin:1.0.1:enforce (default) @ pom ---
[INFO] Adding ignore: org.eclipse.jetty.spdy.*
[INFO] 
[INFO] --- maven-enforcer-plugin:1.0.1:enforce (enforce-banned-dependencies) @ pom ---
[INFO] 
[INFO] --- build-helper-maven-plugin:1.7:timestamp-property (timestamp-property) @ pom ---
[INFO] Setting property 'now' to '11/27/2017 02:15 GMT'.
[INFO] 
[INFO] --- build-helper-maven-plugin:1.7:regex-property (version-property) @ pom ---
[INFO] Setting property 'build.version' to '1.610-SNAPSHOT (private-11/27/2017 02:15 GMT-rfmu222)'.
[INFO] 
[INFO] --- build-helper-maven-plugin:1.7:add-source (add-source) @ pom ---
[INFO] Source directory: /home/rfmu222/.jenkins/workspace/mp10_maven/target/generated-sources/localizer added.
[INFO] 
[INFO] --- gmaven-plugin:1.5-jenkins-3:generateStubs (default) @ pom ---
[INFO] No sources found for Java stub generation
[INFO] 
[INFO] --- maven-remote-resources-plugin:1.2.1:process (default) @ pom ---
[INFO] 
[INFO] --- gmaven-plugin:1.5-jenkins-3:compile (default) @ pom ---
[INFO] No sources found to compile
[INFO] 
[INFO] --- animal-sniffer-maven-plugin:1.9:check (default) @ pom ---
[INFO] Checking unresolved references to org.codehaus.mojo.signature:java16:1.0
[INFO] 
[INFO] --- gmaven-plugin:1.5-jenkins-3:generateTestStubs (default) @ pom ---
[INFO] No sources found for Java stub generation
[INFO] 
[INFO] --- gmaven-plugin:1.5-jenkins-3:testCompile (default) @ pom ---
[INFO] No sources found to compile
[INFO] 
[INFO] --- maven-install-plugin:2.3.1:install (default-install) @ pom ---
[INFO] Installing /home/rfmu222/.jenkins/workspace/mp10_maven/pom.xml to /home/rfmu222/.m2/repository/org/jenkins-ci/main/pom/1.610-SNAPSHOT/pom-1.610-SNAPSHOT.pom
[INFO]                                                                         
[INFO] ------------------------------------------------------------------------
[INFO] Building Jenkins cli 1.610-SNAPSHOT
[INFO] ------------------------------------------------------------------------
[INFO] 
[INFO] --- maven-clean-plugin:2.4.1:clean (default-clean) @ cli ---
[INFO] Deleting /home/rfmu222/.jenkins/workspace/mp10_maven/cli/target
[INFO] 
[INFO] --- maven-enforcer-plugin:1.0.1:enforce (enforce-maven) @ cli ---
[INFO] 
[INFO] --- maven-enforcer-plugin:1.0.1:display-info (display-info) @ cli ---
[INFO] Maven Version: 3.3.9
[INFO] JDK Version: 1.8.0_131 normalized as: 1.8.0-131
[INFO] OS Info: Arch: amd64 Family: unix Name: linux Version: 4.4.0-92-generic
[INFO] 
[INFO] --- maven-enforcer-plugin:1.0.1:enforce (default) @ cli ---
[INFO] Adding ignore: org.eclipse.jetty.spdy.*
[INFO] 
[INFO] --- maven-enforcer-plugin:1.0.1:enforce (enforce-banned-dependencies) @ cli ---
[INFO] 
[INFO] --- build-helper-maven-plugin:1.7:timestamp-property (timestamp-property) @ cli ---
[INFO] Setting property 'now' to '11/27/2017 02:15 GMT'.
[INFO] 
[INFO] --- build-helper-maven-plugin:1.7:regex-property (version-property) @ cli ---
[INFO] Setting property 'build.version' to '1.610-SNAPSHOT (private-11/27/2017 02:15 GMT-rfmu222)'.
[INFO] 
[INFO] --- build-helper-maven-plugin:1.7:add-source (add-source) @ cli ---
[INFO] Source directory: /home/rfmu222/.jenkins/workspace/mp10_maven/cli/target/generated-sources/localizer added.
[INFO] 
[INFO] --- gmaven-plugin:1.5-jenkins-3:generateStubs (default) @ cli ---
[INFO] No sources found for Java stub generation
[INFO] 
[INFO] --- maven-localizer-plugin:1.23:generate (default) @ cli ---
[INFO] 
[INFO] --- maven-remote-resources-plugin:1.2.1:process (default) @ cli ---
[INFO] 
[INFO] --- maven-resources-plugin:2.6:resources (default-resources) @ cli ---
[INFO] Using 'UTF-8' encoding to copy filtered resources.
[INFO] Copying 7 resources
[INFO] Copying 1 resource
[INFO] 
[INFO] --- maven-compiler-plugin:3.0:compile (default-compile) @ cli ---
[INFO] Changes detected - recompiling the module!
[INFO] Compiling 10 source files to /home/rfmu222/.jenkins/workspace/mp10_maven/cli/target/classes
[INFO] 
[INFO] --- gmaven-plugin:1.5-jenkins-3:compile (default) @ cli ---
[INFO] No sources found to compile
[INFO] 
[INFO] --- animal-sniffer-maven-plugin:1.9:check (default) @ cli ---
[INFO] Checking unresolved references to org.codehaus.mojo.signature:java16:1.0
[INFO] 
[INFO] --- gmaven-plugin:1.5-jenkins-3:generateTestStubs (default) @ cli ---
[INFO] No sources found for Java stub generation
[INFO] 
[INFO] --- maven-resources-plugin:2.6:testResources (default-testResources) @ cli ---
[INFO] Using 'UTF-8' encoding to copy filtered resources.
[INFO] Copying 4 resources
[INFO] 
[INFO] --- maven-compiler-plugin:3.0:testCompile (default-testCompile) @ cli ---
[INFO] Changes detected - recompiling the module!
[INFO] Compiling 3 source files to /home/rfmu222/.jenkins/workspace/mp10_maven/cli/target/test-classes
[INFO] 
[INFO] --- gmaven-plugin:1.5-jenkins-3:testCompile (default) @ cli ---
[INFO] No sources found to compile
[INFO] 
[INFO] --- maven-surefire-plugin:2.16:test (default-test) @ cli ---
[INFO] Surefire report directory: /home/rfmu222/.jenkins/workspace/mp10_maven/cli/target/surefire-reports

-------------------------------------------------------
 T E S T S
-------------------------------------------------------
Running hudson.cli.ConnectionTest
Tests run: 1, Failures: 0, Errors: 0, Skipped: 0, Time elapsed: 0.186 sec - in hudson.cli.ConnectionTest
Running hudson.cli.PrivateKeyProviderTest
Tests run: 2, Failures: 0, Errors: 0, Skipped: 0, Time elapsed: 2.665 sec - in hudson.cli.PrivateKeyProviderTest
Running hudson.cli.ConnectionMockTest
Tests run: 1, Failures: 0, Errors: 0, Skipped: 0, Time elapsed: 0.488 sec - in hudson.cli.ConnectionMockTest

Results :

Tests run: 4, Failures: 0, Errors: 0, Skipped: 0

[JENKINS] Recording test results
[INFO] 
[INFO] --- maven-jar-plugin:2.4:jar (default-jar) @ cli ---
[INFO] Building jar: /home/rfmu222/.jenkins/workspace/mp10_maven/cli/target/cli-1.610-SNAPSHOT.jar
[INFO] 
[INFO] --- maven-assembly-plugin:2.4:attached (default) @ cli ---
[INFO] Building jar: /home/rfmu222/.jenkins/workspace/mp10_maven/cli/target/cli-1.610-SNAPSHOT-jar-with-dependencies.jar
[INFO] 
[INFO] --- maven-install-plugin:2.3.1:install (default-install) @ cli ---
[INFO] Installing /home/rfmu222/.jenkins/workspace/mp10_maven/cli/target/cli-1.610-SNAPSHOT.jar to /home/rfmu222/.m2/repository/org/jenkins-ci/main/cli/1.610-SNAPSHOT/cli-1.610-SNAPSHOT.jar
[INFO] Installing /home/rfmu222/.jenkins/workspace/mp10_maven/cli/pom.xml to /home/rfmu222/.m2/repository/org/jenkins-ci/main/cli/1.610-SNAPSHOT/cli-1.610-SNAPSHOT.pom
[INFO] Installing /home/rfmu222/.jenkins/workspace/mp10_maven/cli/target/cli-1.610-SNAPSHOT-jar-with-dependencies.jar to /home/rfmu222/.m2/repository/org/jenkins-ci/main/cli/1.610-SNAPSHOT/cli-1.610-SNAPSHOT-jar-with-dependencies.jar
[INFO]                                                                         
[INFO] ------------------------------------------------------------------------
[INFO] Building Jenkins core 1.610-SNAPSHOT
[INFO] ------------------------------------------------------------------------
[INFO] 
[INFO] --- maven-clean-plugin:2.4.1:clean (default-clean) @ jenkins-core ---
[INFO] Deleting /home/rfmu222/.jenkins/workspace/mp10_maven/core/target
[INFO] 
[INFO] --- maven-enforcer-plugin:1.0.1:enforce (enforce-maven) @ jenkins-core ---
[INFO] 
[INFO] --- maven-enforcer-plugin:1.0.1:display-info (display-info) @ jenkins-core ---
[INFO] Maven Version: 3.3.9
[INFO] JDK Version: 1.8.0_131 normalized as: 1.8.0-131
[INFO] OS Info: Arch: amd64 Family: unix Name: linux Version: 4.4.0-92-generic
[INFO] 
[INFO] --- maven-enforcer-plugin:1.0.1:enforce (default) @ jenkins-core ---
[INFO] Adding ignore: org.eclipse.jetty.spdy.*
[INFO] 
[INFO] --- maven-enforcer-plugin:1.0.1:enforce (enforce-banned-dependencies) @ jenkins-core ---
[INFO] 
[INFO] --- build-helper-maven-plugin:1.7:timestamp-property (timestamp-property) @ jenkins-core ---
[INFO] Setting property 'now' to '11/27/2017 02:16 GMT'.
[INFO] 
[INFO] --- build-helper-maven-plugin:1.7:regex-property (version-property) @ jenkins-core ---
[INFO] Setting property 'build.version' to '1.610-SNAPSHOT (private-11/27/2017 02:16 GMT-rfmu222)'.
[INFO] 
[INFO] --- build-helper-maven-plugin:1.7:add-source (add-source) @ jenkins-core ---
[INFO] Source directory: /home/rfmu222/.jenkins/workspace/mp10_maven/core/target/generated-sources/antlr added.
[INFO] Source directory: /home/rfmu222/.jenkins/workspace/mp10_maven/core/target/generated-sources/localizer added.
[INFO] Source directory: /home/rfmu222/.jenkins/workspace/mp10_maven/core/target/generated-sources/taglib-interface added.
[INFO] 
[INFO] --- maven-localizer-plugin:1.23:generate (default) @ jenkins-core ---
[INFO] 
[INFO] --- antlr-maven-plugin:2.1:generate (cron) @ jenkins-core ---
[INFO] Using Antlr grammar: /home/rfmu222/.jenkins/workspace/mp10_maven/core/src/main/grammar/crontab.g
ANTLR Parser Generator   Version 2.7.6 (2005-12-22)   1989-2005

[INFO] 
[INFO] --- antlr-maven-plugin:2.1:generate (labelExpr) @ jenkins-core ---
[INFO] Using Antlr grammar: /home/rfmu222/.jenkins/workspace/mp10_maven/core/src/main/grammar/labelExpr.g
ANTLR Parser Generator   Version 2.7.6 (2005-12-22)   1989-2005
/home/rfmu222/.jenkins/workspace/mp10_maven/core/src/main/grammar/labelExpr.g: warning:lexical nondeterminism between rules IMPLIES and ATOM upon
/home/rfmu222/.jenkins/workspace/mp10_maven/core/src/main/grammar/labelExpr.g:     k==1:'-'

[INFO] 
[INFO] --- gmaven-plugin:1.5-jenkins-3:generateStubs (default) @ jenkins-core ---
[INFO] Generated 3 Java stubs
[INFO] 
[INFO] --- maven-remote-resources-plugin:1.2.1:process (default) @ jenkins-core ---
[INFO] 
[INFO] --- maven-hpi-plugin:1.110:generate-taglib-interface (default) @ jenkins-core ---
[INFO] lib/FormTagLib.java
[INFO] lib/JenkinsTagLib.java
[INFO] lib/LayoutTagLib.java
[INFO] lib/TestTagLib.java
[INFO] lib/LayoutTagLib.gdsl
[INFO] lib/TestTagLib.gdsl
[INFO] lib/JenkinsTagLib.gdsl
[INFO] lib/FormTagLib.gdsl
[INFO] jenkins/PluginManagerTagLib.java
[INFO] jenkins/ToolsTagLib.java
[INFO] jenkins/PluginManagerTagLib.gdsl
[INFO] jenkins/ToolsTagLib.gdsl
[INFO] lib/jenkins/NewFromListTagLib.java
[INFO] lib/jenkins/ProjectTagLib.java
[INFO] lib/jenkins/ProjectTagLib.gdsl
[INFO] lib/jenkins/NewFromListTagLib.gdsl
[INFO] jenkins/security/HudsonPrivateSecurityRealmTagLib.java
[INFO] jenkins/security/HudsonPrivateSecurityRealmTagLib.gdsl
[INFO] 
[INFO] --- maven-dependency-plugin:2.8:copy (winsw) @ jenkins-core ---
[INFO] Configured Artifact: com.sun.winsw:winsw:bin:1.16:exe
[INFO] Copying winsw-1.16-bin.exe to /home/rfmu222/.jenkins/workspace/mp10_maven/core/target/classes/windows-service/jenkins.exe
[INFO] 
[INFO] --- maven-resources-plugin:2.6:resources (default-resources) @ jenkins-core ---
[INFO] Using 'UTF-8' encoding to copy filtered resources.
[INFO] Copying 7931 resources
[INFO] Copying 2 resources
[INFO] Copying 2 resources
[INFO] Copying 2 resources
[INFO] 
[INFO] --- maven-compiler-plugin:3.0:compile (default-compile) @ jenkins-core ---
[INFO] Changes detected - recompiling the module!
[INFO] Compiling 978 source files to /home/rfmu222/.jenkins/workspace/mp10_maven/core/target/classes
[INFO] 
[INFO] --- maven-encoding-plugin:1.1:check-encoding (default) @ jenkins-core ---
[INFO] 
[INFO] --- gmaven-plugin:1.5-jenkins-3:compile (default) @ jenkins-core ---
[INFO] Compiled 15 Groovy classes
[INFO] 
[INFO] --- animal-sniffer-maven-plugin:1.9:check (default) @ jenkins-core ---
[INFO] Checking unresolved references to org.codehaus.mojo.signature:java16:1.0
[INFO] 
[INFO] --- bridge-method-injector:1.13:process (default) @ jenkins-core ---
[INFO] 
[INFO] --- access-modifier-checker:1.4:enforce (default) @ jenkins-core ---
[INFO] 
[INFO] --- gmaven-plugin:1.5-jenkins-3:generateTestStubs (default) @ jenkins-core ---
[INFO] Generated 9 Java stubs
[INFO] 
[INFO] --- maven-resources-plugin:2.6:testResources (default-testResources) @ jenkins-core ---
[INFO] Using 'UTF-8' encoding to copy filtered resources.
[INFO] Copying 5 resources
[INFO] 
[INFO] --- maven-compiler-plugin:3.0:testCompile (default-testCompile) @ jenkins-core ---
[INFO] Changes detected - recompiling the module!
[INFO] Compiling 95 source files to /home/rfmu222/.jenkins/workspace/mp10_maven/core/target/test-classes
[INFO] 
[INFO] --- gmaven-plugin:1.5-jenkins-3:testCompile (default) @ jenkins-core ---
[INFO] Compiled 18 Groovy classes
[INFO] 
[INFO] --- maven-surefire-plugin:2.16:test (default-test) @ jenkins-core ---
[INFO] Surefire report directory: /home/rfmu222/.jenkins/workspace/mp10_maven/core/target/surefire-reports

-------------------------------------------------------
 T E S T S
-------------------------------------------------------
OpenJDK 64-Bit Server VM warning: ignoring option MaxPermSize=128m; support was removed in 8.0
Running jenkins.model.lazy.SortedIntListTest
Tests run: 2, Failures: 0, Errors: 0, Skipped: 0, Time elapsed: 0.124 sec - in jenkins.model.lazy.SortedIntListTest
Running jenkins.model.lazy.AbstractLazyLoadRunMapTest
Tests run: 21, Failures: 0, Errors: 0, Skipped: 0, Time elapsed: 0.553 sec - in jenkins.model.lazy.AbstractLazyLoadRunMapTest
Running jenkins.model.lazy.SortedListTest
Tests run: 7, Failures: 0, Errors: 0, Skipped: 0, Time elapsed: 0.012 sec - in jenkins.model.lazy.SortedListTest
Running jenkins.model.JenkinsGetRootUrlTest
Tests run: 6, Failures: 0, Errors: 0, Skipped: 0, Time elapsed: 4.666 sec - in jenkins.model.JenkinsGetRootUrlTest
Running jenkins.model.PeepholePermalinkTest
Tests run: 1, Failures: 0, Errors: 0, Skipped: 0, Time elapsed: 0.083 sec - in jenkins.model.PeepholePermalinkTest
Running jenkins.model.RunIdMigratorTest
/home/rfmu222/.jenkins/workspace/mp10_maven/core/target/junit4411686024982586257/jobs/somefolder/jobs/someproject/promotions/OK/builds has been restored to its original format
/home/rfmu222/.jenkins/workspace/mp10_maven/core/target/junit5973619618201984723/jobs/someproject/modules/test$test/builds has been restored to its original format
Nov 26, 2017 9:17:24 PM jenkins.model.RunIdMigrator migrate
INFO: Migrating build records in /home/rfmu222/.jenkins/workspace/mp10_maven/core/target/junit5017800949034183060
Nov 26, 2017 9:17:24 PM jenkins.model.RunIdMigrator migrate
INFO: Migrating build records in /home/rfmu222/.jenkins/workspace/mp10_maven/core/target/junit5017800949034183060
Nov 26, 2017 9:17:24 PM jenkins.model.RunIdMigrator doMigrate
FINE: ignoring nonnumeric entry lastSuccessfulBuild
Nov 26, 2017 9:17:24 PM jenkins.model.RunIdMigrator doMigrate
FINE: ignoring nonnumeric entry 2014-01-02_03-04-05
Nov 26, 2017 9:17:24 PM jenkins.model.RunIdMigrator doMigrate
FINE: deleting build number symlink 99 → 2014-01-02_03-04-05
Nov 26, 2017 9:17:24 PM jenkins.model.RunIdMigrator doMigrate
FINE: ignoring nonnumeric entry lastFailedBuild
Nov 26, 2017 9:17:24 PM jenkins.model.RunIdMigrator doMigrate
FINE: skipping non-directory lastSuccessfulBuild
Nov 26, 2017 9:17:24 PM jenkins.model.RunIdMigrator doMigrate
FINE: fully processed 2014-01-02_03-04-05 → 99
Nov 26, 2017 9:17:24 PM jenkins.model.RunIdMigrator doMigrate
FINE: skipping non-directory lastFailedBuild
Nov 26, 2017 9:17:24 PM jenkins.model.RunIdMigrator migrate
FINER: migration already performed for /home/rfmu222/.jenkins/workspace/mp10_maven/core/target/junit5017800949034183060
Nov 26, 2017 9:17:24 PM jenkins.model.RunIdMigrator migrate
FINER: migration already performed for /home/rfmu222/.jenkins/workspace/mp10_maven/core/target/junit6468934106892448922
Got expected move exception: java.nio.file.FileAlreadyExistsException: /home/rfmu222/.jenkins/workspace/mp10_maven/core/target/junit6386229614284694103/junit9136590758726409797.tmp
Nov 26, 2017 9:17:24 PM jenkins.model.RunIdMigrator migrate
INFO: Migrating build records in /home/rfmu222/.jenkins/workspace/mp10_maven/core/target/junit470577482968647877
Nov 26, 2017 9:17:24 PM jenkins.model.RunIdMigrator migrate
INFO: Migrating build records in /home/rfmu222/.jenkins/workspace/mp10_maven/core/target/junit470577482968647877
Nov 26, 2017 9:17:24 PM jenkins.model.RunIdMigrator doMigrate
FINE: ignoring nonnumeric entry lastSuccessfulBuild
Nov 26, 2017 9:17:24 PM jenkins.model.RunIdMigrator doMigrate
FINE: deleting build number symlink 98 → 2014-01-02_03-04-04
Nov 26, 2017 9:17:24 PM jenkins.model.RunIdMigrator doMigrate
FINE: ignoring nonnumeric entry 2014-01-02_03-04-04
Nov 26, 2017 9:17:24 PM jenkins.model.RunIdMigrator doMigrate
FINE: ignoring build directory 99
Nov 26, 2017 9:17:24 PM jenkins.model.RunIdMigrator doMigrate
FINE: ignoring nonnumeric entry lastFailedBuild
Nov 26, 2017 9:17:24 PM jenkins.model.RunIdMigrator doMigrate
WARNING: found unexpected dir lastSuccessfulBuild
Nov 26, 2017 9:17:24 PM jenkins.model.RunIdMigrator doMigrate
WARNING: found unexpected dir lastSuccessfulBuild
Nov 26, 2017 9:17:24 PM jenkins.model.RunIdMigrator doMigrate
FINE: fully processed 2014-01-02_03-04-04 → 98
Nov 26, 2017 9:17:24 PM jenkins.model.RunIdMigrator doMigrate
FINE: skipping new build dir 99
Nov 26, 2017 9:17:24 PM jenkins.model.RunIdMigrator doMigrate
FINE: skipping non-directory lastFailedBuild
Tests run: 6, Failures: 0, Errors: 0, Skipped: 0, Time elapsed: 0.209 sec - in jenkins.model.RunIdMigratorTest
Running jenkins.model.CoreEnvironmentContributorTest
Tests run: 1, Failures: 0, Errors: 0, Skipped: 0, Time elapsed: 4.179 sec - in jenkins.model.CoreEnvironmentContributorTest
Running jenkins.model.TestPartIdStrategy
Tests run: 10, Failures: 0, Errors: 0, Skipped: 0, Time elapsed: 0.011 sec - in jenkins.model.TestPartIdStrategy
Running jenkins.model.JenkinsDescriptorTest
Tests run: 1, Failures: 0, Errors: 0, Skipped: 0, Time elapsed: 3.138 sec - in jenkins.model.JenkinsDescriptorTest
Running jenkins.security.HMACConfidentialKeyTest
Tests run: 2, Failures: 0, Errors: 0, Skipped: 0, Time elapsed: 1.309 sec - in jenkins.security.HMACConfidentialKeyTest
Running jenkins.security.DefaultConfidentialStoreTest
Tests run: 1, Failures: 0, Errors: 0, Skipped: 0, Time elapsed: 0.634 sec - in jenkins.security.DefaultConfidentialStoreTest
Running jenkins.security.HexStringConfidentialKeyTest
Tests run: 4, Failures: 0, Errors: 0, Skipped: 0, Time elapsed: 0.059 sec - in jenkins.security.HexStringConfidentialKeyTest
Running jenkins.security.CryptoConfidentialKeyTest
Tests run: 3, Failures: 0, Errors: 0, Skipped: 0, Time elapsed: 0.07 sec - in jenkins.security.CryptoConfidentialKeyTest
Running jenkins.RemotingJarSignatureTest
Verifying /home/rfmu222/.m2/repository/org/jenkins-ci/main/remoting/2.50/remoting-2.50.jar
Tests run: 1, Failures: 0, Errors: 0, Skipped: 0, Time elapsed: 0.111 sec - in jenkins.RemotingJarSignatureTest
Running jenkins.util.VirtualFileTest
Tests run: 1, Failures: 0, Errors: 0, Skipped: 0, Time elapsed: 0.004 sec - in jenkins.util.VirtualFileTest
Running jenkins.util.MarkFindingOutputStreamTest
Tests run: 5, Failures: 0, Errors: 0, Skipped: 0, Time elapsed: 0.004 sec - in jenkins.util.MarkFindingOutputStreamTest
Running jenkins.util.xstream.XStreamDOMTest
<jenkins.util.xstream.XStreamDOM>
  <jenkins.util.xstream.XStreamDOMTest_-Name__That__Gets__Escaped/>
</jenkins.util.xstream.XStreamDOM>
<foo>
  <bar>
    <test1 key="value">text!</test1>
  </bar>
  <zot>
    <test2 key="value">
      <test1 key="value">text!</test1>
    </test2>
  </zot>
</foo>
<foo>
  <bar>
    <test1 key="value">text!</test1>
  </bar>
  <zot>
    <test2 key="value">
      <test1 key="value">text!</test1>
    </test2>
  </zot>
</foo>
<jenkins.util.xstream.XStreamDOM>
  <string-array/>
</jenkins.util.xstream.XStreamDOM>
Tests run: 8, Failures: 0, Errors: 0, Skipped: 0, Time elapsed: 0.115 sec - in jenkins.util.xstream.XStreamDOMTest
Running jenkins.util.AtmostOneTaskExecutorTest
Tests run: 1, Failures: 0, Errors: 0, Skipped: 0, Time elapsed: 0.599 sec - in jenkins.util.AtmostOneTaskExecutorTest
Running jenkins.util.TreeStringBuilderTest
Tests run: 2, Failures: 0, Errors: 0, Skipped: 0, Time elapsed: 0.042 sec - in jenkins.util.TreeStringBuilderTest
Running jenkins.util.TimerTest
Tests run: 1, Failures: 0, Errors: 0, Skipped: 0, Time elapsed: 0.021 sec - in jenkins.util.TimerTest
Running jenkins.xml.XMLUtilsTest
Tests run: 2, Failures: 0, Errors: 0, Skipped: 0, Time elapsed: 0.432 sec - in jenkins.xml.XMLUtilsTest
Running jenkins.ResilientJsonObjectTest
Tests run: 1, Failures: 0, Errors: 0, Skipped: 0, Time elapsed: 0.096 sec - in jenkins.ResilientJsonObjectTest
Running hudson.PluginManagerTest
Tests run: 2, Failures: 0, Errors: 0, Skipped: 0, Time elapsed: 0.166 sec - in hudson.PluginManagerTest
Running hudson.model.FileParameterValueTest
Tests run: 2, Failures: 0, Errors: 0, Skipped: 0, Time elapsed: 0.007 sec - in hudson.model.FileParameterValueTest
Running hudson.model.RunTest
Nov 26, 2017 9:17:36 PM hudson.model.Run onEndBuilding
WARNING: {0}: No build result is set, so marking as failure. This should not happen.
Tests run: 5, Failures: 0, Errors: 0, Skipped: 0, Time elapsed: 0.146 sec - in hudson.model.RunTest
Running hudson.model.ItemsTest
Tests run: 3, Failures: 0, Errors: 0, Skipped: 0, Time elapsed: 0.055 sec - in hudson.model.ItemsTest
Running hudson.model.FingerprintTest
Tests run: 12, Failures: 0, Errors: 0, Skipped: 0, Time elapsed: 0.101 sec - in hudson.model.FingerprintTest
Running hudson.model.listeners.SCMListenerTest
Tests run: 1, Failures: 0, Errors: 0, Skipped: 0, Time elapsed: 0.354 sec - in hudson.model.listeners.SCMListenerTest
Running hudson.model.ViewTest
Tests run: 2, Failures: 0, Errors: 0, Skipped: 0, Time elapsed: 0.076 sec - in hudson.model.ViewTest
Running hudson.model.AbstractItemTest
Tests run: 5, Failures: 0, Errors: 0, Skipped: 0, Time elapsed: 0.012 sec - in hudson.model.AbstractItemTest
Running hudson.model.BuildStatusSummaryTest
Tests run: 12, Failures: 0, Errors: 0, Skipped: 0, Time elapsed: 0.097 sec - in hudson.model.BuildStatusSummaryTest
Running hudson.model.BallColorTest
Tests run: 2, Failures: 0, Errors: 0, Skipped: 0, Time elapsed: 0.003 sec - in hudson.model.BallColorTest
Running hudson.model.TaskActionTest
Tests run: 1, Failures: 0, Errors: 0, Skipped: 0, Time elapsed: 0.055 sec - in hudson.model.TaskActionTest
Running hudson.model.JobTest
Tests run: 2, Failures: 0, Errors: 0, Skipped: 0, Time elapsed: 0.002 sec - in hudson.model.JobTest
Running hudson.model.ListViewTest
Tests run: 2, Failures: 0, Errors: 0, Skipped: 0, Time elapsed: 1.968 sec - in hudson.model.ListViewTest
Running hudson.model.ResourceListTest
Nov 26, 2017 9:17:38 PM hudson.model.ResourceList _getConflict
INFO: Collision with E1927512926176735975(1)=1 and E1927512926176735975(1)
Nov 26, 2017 9:17:38 PM hudson.model.ResourceList _getConflict
INFO: Collision with E1927512926176735975(1)=1 and E1927512926176735975(1)
Nov 26, 2017 9:17:38 PM hudson.model.ResourceList _getConflict
INFO: Collision with E1927512926176735975(1)=2 and E1927512926176735975(1)
Nov 26, 2017 9:17:38 PM hudson.model.ResourceList _getConflict
INFO: Collision with E1927512926176735975(1)=1 and E1927512926176735975(1)
Nov 26, 2017 9:17:38 PM hudson.model.ResourceList _getConflict
INFO: Collision with E1927512926176735975(1)=3 and E1927512926176735975(1)
Nov 26, 2017 9:17:38 PM hudson.model.ResourceList _getConflict
INFO: Collision with E1927512926176735975(1)=1 and E1927512926176735975(1)
Nov 26, 2017 9:17:38 PM hudson.model.ResourceList _getConflict
INFO: Collision with E1927512926176735975(1)=4 and E1927512926176735975(1)
Nov 26, 2017 9:17:38 PM hudson.model.ResourceList _getConflict
INFO: Collision with E1927512926176735975(1)=1 and E1927512926176735975(1)
Nov 26, 2017 9:17:38 PM hudson.model.ResourceList _getConflict
INFO: Collision with E1927512926176735975(1)=5 and E1927512926176735975(1)
Nov 26, 2017 9:17:38 PM hudson.model.ResourceList _getConflict
INFO: Collision with E1927512926176735975(1)=1 and E1927512926176735975(1)
Nov 26, 2017 9:17:38 PM hudson.model.ResourceList _getConflict
INFO: Collision with E1927512926176735975(1)=6 and E1927512926176735975(1)
Nov 26, 2017 9:17:38 PM hudson.model.ResourceList _getConflict
INFO: Collision with E1927512926176735975(1)=1 and E1927512926176735975(1)
Nov 26, 2017 9:17:38 PM hudson.model.ResourceList _getConflict
INFO: Collision with E1927512926176735975(1)=7 and E1927512926176735975(1)
Nov 26, 2017 9:17:38 PM hudson.model.ResourceList _getConflict
INFO: Collision with E1927512926176735975(1)=1 and E1927512926176735975(1)
Nov 26, 2017 9:17:38 PM hudson.model.ResourceList _getConflict
INFO: Collision with E1927512926176735975(1)=7 and E1927512926176735975(1)
Nov 26, 2017 9:17:38 PM hudson.model.ResourceList _getConflict
INFO: Collision with E1927512926176735975(1)=1 and E1927512926176735975(1)
Nov 26, 2017 9:17:38 PM hudson.model.ResourceList _getConflict
INFO: Collision with E1927512926176735975(1)=8 and E1927512926176735975(1)
Nov 26, 2017 9:17:38 PM hudson.model.ResourceList _getConflict
INFO: Collision with E1927512926176735975(1)=1 and E1927512926176735975(1)
Nov 26, 2017 9:17:38 PM hudson.model.ResourceList _getConflict
INFO: Collision with E1927512926176735975(1)=9 and E1927512926176735975(1)
Nov 26, 2017 9:17:38 PM hudson.model.ResourceList _getConflict
INFO: Collision with E1927512926176735975(1)=1 and E1927512926176735975(1)
Nov 26, 2017 9:17:38 PM hudson.model.ResourceList _getConflict
INFO: Collision with E1927512926176735975(1)=10 and E1927512926176735975(1)
Nov 26, 2017 9:17:38 PM hudson.model.ResourceList _getConflict
INFO: Collision with E1927512926176735975(1)=1 and E1927512926176735975(1)
Nov 26, 2017 9:17:38 PM hudson.model.ResourceList _getConflict
INFO: Collision with E1927512926176735975(1)=11 and E1927512926176735975(1)
Nov 26, 2017 9:17:38 PM hudson.model.ResourceList _getConflict
INFO: Collision with E1927512926176735975(1)=1 and E1927512926176735975(1)
Nov 26, 2017 9:17:38 PM hudson.model.ResourceList _getConflict
INFO: Collision with F5274012497411174555(5)=5 and F5274012497411174555(5)
Nov 26, 2017 9:17:38 PM hudson.model.ResourceList _getConflict
INFO: Collision with F5274012497411174555(5)=1 and F5274012497411174555(5)
Nov 26, 2017 9:17:38 PM hudson.model.ResourceList _getConflict
INFO: Collision with F5274012497411174555(5)=6 and F5274012497411174555(5)
Nov 26, 2017 9:17:38 PM hudson.model.ResourceList _getConflict
INFO: Collision with F5274012497411174555(5)=1 and F5274012497411174555(5)
Nov 26, 2017 9:17:38 PM hudson.model.ResourceList _getConflict
INFO: Collision with F5274012497411174555(5)=7 and F5274012497411174555(5)
Nov 26, 2017 9:17:38 PM hudson.model.ResourceList _getConflict
INFO: Collision with F5274012497411174555(5)=1 and F5274012497411174555(5)
Nov 26, 2017 9:17:38 PM hudson.model.ResourceList _getConflict
INFO: Collision with F5274012497411174555(5)=8 and F5274012497411174555(5)
Nov 26, 2017 9:17:38 PM hudson.model.ResourceList _getConflict
INFO: Collision with F5274012497411174555(5)=1 and F5274012497411174555(5)
Nov 26, 2017 9:17:38 PM hudson.model.ResourceList _getConflict
INFO: Collision with F5274012497411174555(5)=9 and F5274012497411174555(5)
Nov 26, 2017 9:17:38 PM hudson.model.ResourceList _getConflict
INFO: Collision with F5274012497411174555(5)=1 and F5274012497411174555(5)
Nov 26, 2017 9:17:38 PM hudson.model.ResourceList _getConflict
INFO: Collision with A-4962768465676381896(1)=1 and A-4962768465676381896(1)
Nov 26, 2017 9:17:38 PM hudson.model.ResourceList _getConflict
INFO: Collision with A-4962768465676381896(1)=1 and A-4962768465676381896(1)
Nov 26, 2017 9:17:38 PM hudson.model.ResourceList _getConflict
INFO: Collision with A-4962768465676381896(1)/A-6688467811848818630(1)=1 and A-4962768465676381896(1)
Nov 26, 2017 9:17:38 PM hudson.model.ResourceList _getConflict
INFO: Collision with A-4962768465676381896(1)=1 and A-4962768465676381896(1)/A-6688467811848818630(1)
Nov 26, 2017 9:17:38 PM hudson.model.ResourceList _getConflict
INFO: Collision with A-4962768465676381896(1)=1 and A-4962768465676381896(1)/A-8292973307042192125(1)
Nov 26, 2017 9:17:38 PM hudson.model.ResourceList _getConflict
INFO: Collision with A-4962768465676381896(1)/A-8292973307042192125(1)=1 and A-4962768465676381896(1)
Nov 26, 2017 9:17:38 PM hudson.model.ResourceList _getConflict
INFO: Collision with C5072005423257391728(3)/C2377732757510138102(3)=3 and C5072005423257391728(3)/C2377732757510138102(3)
Nov 26, 2017 9:17:38 PM hudson.model.ResourceList _getConflict
INFO: Collision with C5072005423257391728(3)/C2377732757510138102(3)=1 and C5072005423257391728(3)/C2377732757510138102(3)
Nov 26, 2017 9:17:38 PM hudson.model.ResourceList _getConflict
INFO: Collision with A-4962768465676381896(1)=1 and A-4962768465676381896(1)
Nov 26, 2017 9:17:38 PM hudson.model.ResourceList _getConflict
INFO: Collision with A-4962768465676381896(1)=1 and A-4962768465676381896(1)
Nov 26, 2017 9:17:38 PM hudson.model.ResourceList _getConflict
INFO: Collision with A-4962768465676381896(1)=1 and A-4962768465676381896(1)
Nov 26, 2017 9:17:38 PM hudson.model.ResourceList _getConflict
INFO: Collision with A-4962768465676381896(1)=1 and A-4962768465676381896(1)
Nov 26, 2017 9:17:38 PM hudson.model.ResourceList _getConflict
INFO: Collision with A-4962768465676381896(1)=1 and A-4962768465676381896(1)/A4437113781045784766(1)
Nov 26, 2017 9:17:38 PM hudson.model.ResourceList _getConflict
INFO: Collision with A-4962768465676381896(1)=1 and A-4962768465676381896(1)
Tests run: 12, Failures: 0, Errors: 0, Skipped: 0, Time elapsed: 0.03 sec - in hudson.model.ResourceListTest
Running hudson.model.LoadStatisticsTest
Tests run: 2, Failures: 0, Errors: 0, Skipped: 0, Time elapsed: 1.224 sec - in hudson.model.LoadStatisticsTest
Running hudson.model.ParametersActionTest
Tests run: 7, Failures: 0, Errors: 0, Skipped: 0, Time elapsed: 0.085 sec - in hudson.model.ParametersActionTest
Running hudson.model.AutoCompleteSeederTest
Tests run: 13, Failures: 0, Errors: 0, Skipped: 0, Time elapsed: 0.022 sec - in hudson.model.AutoCompleteSeederTest
Running hudson.model.ComputerTest
Nov 26, 2017 9:17:40 PM hudson.model.Computer relocateOldLogs
INFO: Relocated log file /home/rfmu222/.jenkins/workspace/mp10_maven/core/target/jenkins1887594877145591932test/slave-def.log.5 to /home/rfmu222/.jenkins/workspace/mp10_maven/core/target/jenkins1887594877145591932test/logs/slaves/def/slave.log.5
Nov 26, 2017 9:17:40 PM hudson.model.Computer relocateOldLogs
INFO: Relocated log file /home/rfmu222/.jenkins/workspace/mp10_maven/core/target/jenkins1887594877145591932test/slave-abc.log to /home/rfmu222/.jenkins/workspace/mp10_maven/core/target/jenkins1887594877145591932test/logs/slaves/abc/slave.log
Tests run: 1, Failures: 0, Errors: 0, Skipped: 0, Time elapsed: 0.031 sec - in hudson.model.ComputerTest
Running hudson.model.DisplayNameListenerTest
Nov 26, 2017 9:17:40 PM hudson.model.DisplayNameListener onRenamed
INFO: onRenamed():Setting displayname to null for item.name=new job name
Tests run: 3, Failures: 0, Errors: 0, Skipped: 0, Time elapsed: 0.01 sec - in hudson.model.DisplayNameListenerTest
Running hudson.model.RunParameterValueTest
Tests run: 1, Failures: 0, Errors: 0, Skipped: 0, Time elapsed: 0.016 sec - in hudson.model.RunParameterValueTest
Running hudson.model.ChoiceParameterDefinitionTest
Tests run: 2, Failures: 0, Errors: 0, Skipped: 0, Time elapsed: 0.014 sec - in hudson.model.ChoiceParameterDefinitionTest
Running hudson.model.ActionableTest
Tests run: 1, Failures: 0, Errors: 0, Skipped: 0, Time elapsed: 0.003 sec - in hudson.model.ActionableTest
Running hudson.model.TimeSeriesTest
Tests run: 1, Failures: 0, Errors: 0, Skipped: 0, Time elapsed: 0.002 sec - in hudson.model.TimeSeriesTest
Running hudson.FunctionsTest
Nov 26, 2017 9:17:55 PM hudson.Functions getActionUrl
WARNING: Failed to parse URL for action: java.net.URISyntaxException: Illegal character in query at index 35: http://nowhere.net/stuff?something=^woohoo
Tests run: 15, Failures: 0, Errors: 0, Skipped: 1, Time elapsed: 14.984 sec - in hudson.FunctionsTest
Running hudson.logging.LogRecorderTest
Tests run: 4, Failures: 0, Errors: 0, Skipped: 0, Time elapsed: 0.016 sec - in hudson.logging.LogRecorderTest
Running hudson.console.UrlAnnotatorTest
Tests run: 2, Failures: 0, Errors: 0, Skipped: 0, Time elapsed: 0.013 sec - in hudson.console.UrlAnnotatorTest
Running hudson.tasks._maven.Maven3MojoNoteTest
Tests run: 3, Failures: 0, Errors: 0, Skipped: 0, Time elapsed: 0.002 sec - in hudson.tasks._maven.Maven3MojoNoteTest
Running hudson.ProxyConfigurationTest
Tests run: 1, Failures: 0, Errors: 0, Skipped: 0, Time elapsed: 0.377 sec - in hudson.ProxyConfigurationTest
Running hudson.search.SearchTest
Tests run: 2, Failures: 0, Errors: 0, Skipped: 0, Time elapsed: 0.006 sec - in hudson.search.SearchTest
Running hudson.util.SecretTest
8hiDeQQfsZGfRpT4J1YWa7/ce/f3dImEwJ/sJ4i5W38=
Tests run: 5, Failures: 0, Errors: 0, Skipped: 0, Time elapsed: 0.232 sec - in hudson.util.SecretTest
Running hudson.util.PackedMapTest
a=b
c=d
Tests run: 1, Failures: 0, Errors: 0, Skipped: 0, Time elapsed: 0.02 sec - in hudson.util.PackedMapTest
Running hudson.util.DirScannerTest
Tests run: 2, Failures: 0, Errors: 0, Skipped: 0, Time elapsed: 0.056 sec - in hudson.util.DirScannerTest
Running hudson.util.FormValidationTest
Tests run: 8, Failures: 0, Errors: 0, Skipped: 0, Time elapsed: 0.021 sec - in hudson.util.FormValidationTest
Running hudson.util.RobustReflectionConverterTest
Tests run: 3, Failures: 0, Errors: 0, Skipped: 0, Time elapsed: 0.072 sec - in hudson.util.RobustReflectionConverterTest
Running hudson.util.SecretRewriterTest
Scanning /home/rfmu222/.jenkins/workspace/mp10_maven/core/target/junit9209173167614411735/t/b/foo.xml
Copied /home/rfmu222/.jenkins/workspace/mp10_maven/core/target/junit9209173167614411735/t/b/foo.xml to /home/rfmu222/.jenkins/workspace/mp10_maven/core/target/junit9209173167614411735/backup/b/foo.xml as a backup
Rewritten /home/rfmu222/.jenkins/workspace/mp10_maven/core/target/junit9209173167614411735/t/b/foo.xml
Cycle detected: /home/rfmu222/.jenkins/workspace/mp10_maven/core/target/junit9209173167614411735/t/b/symlink
Copied /home/rfmu222/.jenkins/workspace/mp10_maven/core/target/junit9209173167614411735/t/c/foo.xml to /home/rfmu222/.jenkins/workspace/mp10_maven/core/target/junit9209173167614411735/backup/c/foo.xml as a backup
Rewritten /home/rfmu222/.jenkins/workspace/mp10_maven/core/target/junit9209173167614411735/t/c/foo.xml
Copied /home/rfmu222/.jenkins/workspace/mp10_maven/core/target/junit9209173167614411735/t/c/d/e/foo.xml to /home/rfmu222/.jenkins/workspace/mp10_maven/core/target/junit9209173167614411735/backup/c/d/e/foo.xml as a backup
Rewritten /home/rfmu222/.jenkins/workspace/mp10_maven/core/target/junit9209173167614411735/t/c/d/e/foo.xml
Copied /home/rfmu222/.jenkins/workspace/mp10_maven/core/target/junit9209173167614411735/t/c/d/foo.xml to /home/rfmu222/.jenkins/workspace/mp10_maven/core/target/junit9209173167614411735/backup/c/d/foo.xml as a backup
Rewritten /home/rfmu222/.jenkins/workspace/mp10_maven/core/target/junit9209173167614411735/t/c/d/foo.xml
Cycle detected: /home/rfmu222/.jenkins/workspace/mp10_maven/core/target/junit9209173167614411735/t/c/symlink
Copied /home/rfmu222/.jenkins/workspace/mp10_maven/core/target/junit9209173167614411735/t/a/foo.xml to /home/rfmu222/.jenkins/workspace/mp10_maven/core/target/junit9209173167614411735/backup/a/foo.xml as a backup
Rewritten /home/rfmu222/.jenkins/workspace/mp10_maven/core/target/junit9209173167614411735/t/a/foo.xml
Copied /home/rfmu222/.jenkins/workspace/mp10_maven/core/target/junit9209173167614411735/t/a/symlink/foo.xml to /home/rfmu222/.jenkins/workspace/mp10_maven/core/target/junit9209173167614411735/backup/a/symlink/foo.xml as a backup
Rewritten /home/rfmu222/.jenkins/workspace/mp10_maven/core/target/junit9209173167614411735/t/a/symlink/foo.xml
Tests run: 2, Failures: 0, Errors: 0, Skipped: 0, Time elapsed: 0.342 sec - in hudson.util.SecretRewriterTest
Running hudson.util.ArgumentListBuilderTest
Tests run: 11, Failures: 0, Errors: 0, Skipped: 0, Time elapsed: 0.021 sec - in hudson.util.ArgumentListBuilderTest
Running hudson.util.LineEndNormalizingWriterTest
Tests run: 3, Failures: 0, Errors: 0, Skipped: 0, Time elapsed: 0.002 sec - in hudson.util.LineEndNormalizingWriterTest
Running hudson.util.CyclicGraphDetectorTest
Tests run: 3, Failures: 0, Errors: 0, Skipped: 0, Time elapsed: 0.01 sec - in hudson.util.CyclicGraphDetectorTest
Running hudson.util.RunListTest
Tests run: 3, Failures: 0, Errors: 0, Skipped: 0, Time elapsed: 4.213 sec - in hudson.util.RunListTest
Running hudson.util.CopyOnWriteListTest
Tests run: 1, Failures: 0, Errors: 0, Skipped: 0, Time elapsed: 0.014 sec - in hudson.util.CopyOnWriteListTest
Running hudson.util.ConsistentHashTest
data2
2095
82/918
Tests run: 5, Failures: 0, Errors: 0, Skipped: 0, Time elapsed: 2.212 sec - in hudson.util.ConsistentHashTest
Running hudson.util.ProcessTreeTest
Tests run: 1, Failures: 0, Errors: 0, Skipped: 0, Time elapsed: 0.668 sec - in hudson.util.ProcessTreeTest
Running hudson.util.CopyOnWriteMapTest
Tests run: 3, Failures: 0, Errors: 0, Skipped: 0, Time elapsed: 0.02 sec - in hudson.util.CopyOnWriteMapTest
Running hudson.util.SubClassGeneratorTest
Tests run: 1, Failures: 0, Errors: 0, Skipped: 0, Time elapsed: 0.011 sec - in hudson.util.SubClassGeneratorTest
Running hudson.util.XStream2Test
Tests run: 10, Failures: 0, Errors: 0, Skipped: 0, Time elapsed: 0.05 sec - in hudson.util.XStream2Test
Running hudson.util.io.ZipArchiverTest
Tests run: 1, Failures: 0, Errors: 0, Skipped: 0, Time elapsed: 0.02 sec - in hudson.util.io.ZipArchiverTest
Running hudson.util.io.ReopenableRotatingFileOutputStreamTest
Tests run: 1, Failures: 0, Errors: 0, Skipped: 0, Time elapsed: 0.02 sec - in hudson.util.io.ReopenableRotatingFileOutputStreamTest
Running hudson.util.io.TarArchiverTest
[extract] $ tar xvpf /home/rfmu222/.jenkins/workspace/mp10_maven/core/target/test9117987425358374754tar
[extract] $ unzip /home/rfmu222/.jenkins/workspace/mp10_maven/core/target/test507465913468910289zip
Tests run: 2, Failures: 0, Errors: 0, Skipped: 0, Time elapsed: 0.23 sec - in hudson.util.io.TarArchiverTest
Running hudson.util.XStream2EncodingTest
Tests run: 2, Failures: 0, Errors: 0, Skipped: 0, Time elapsed: 0.02 sec - in hudson.util.XStream2EncodingTest
Running hudson.util.IteratorsTest
Tests run: 4, Failures: 0, Errors: 0, Skipped: 0, Time elapsed: 0.002 sec - in hudson.util.IteratorsTest
Running hudson.util.QuotedStringTokenizerTest
[foo, bar]
[foo, bar zot]
[foo, bar=quote zot]
[foo"]
[foo bar]
[foo\, bar]
[foo=bar\zot]
Tests run: 7, Failures: 0, Errors: 0, Skipped: 0, Time elapsed: 0.001 sec - in hudson.util.QuotedStringTokenizerTest
Running hudson.BulkChangeTest
Tests run: 3, Failures: 0, Errors: 0, Skipped: 0, Time elapsed: 0.001 sec - in hudson.BulkChangeTest
Running hudson.FilePathTest
Tests run: 24, Failures: 0, Errors: 0, Skipped: 1, Time elapsed: 32.974 sec - in hudson.FilePathTest
Running hudson.EnvVarsTest
Nov 26, 2017 9:18:37 PM hudson.EnvVars$OverrideOrderCalculator cutCycleAt
WARNING: Cyclic reference detected: A -> B -> C -> A
Nov 26, 2017 9:18:37 PM hudson.EnvVars$OverrideOrderCalculator cutCycleAt
WARNING: Cut the reference B -> C
Nov 26, 2017 9:18:37 PM hudson.EnvVars$OverrideOrderCalculator cutCycleAt
WARNING: Cyclic reference detected: D -> E -> D
Nov 26, 2017 9:18:37 PM hudson.EnvVars$OverrideOrderCalculator cutCycleAt
WARNING: Cut the reference E -> D
Tests run: 7, Failures: 0, Errors: 0, Skipped: 0, Time elapsed: 0.004 sec - in hudson.EnvVarsTest
Running hudson.slaves.NodeListTest
<?xml version='1.0' encoding='UTF-8'?>
<hudson.slaves.NodeList>
  <hudson.slaves.NodeListTest_-DummyNode>
    <nodeName>-4086235067317379131</nodeName>
  </hudson.slaves.NodeListTest_-DummyNode>
</hudson.slaves.NodeList>
Tests run: 1, Failures: 0, Errors: 0, Skipped: 0, Time elapsed: 0.028 sec - in hudson.slaves.NodeListTest
Running hudson.slaves.ComputerLauncherTest
Tests run: 6, Failures: 0, Errors: 0, Skipped: 0, Time elapsed: 0.023 sec - in hudson.slaves.ComputerLauncherTest
Running hudson.MarkupTextTest
Tests run: 8, Failures: 0, Errors: 0, Skipped: 0, Time elapsed: 0.002 sec - in hudson.MarkupTextTest
Running hudson.UtilTest
Tests run: 14, Failures: 0, Errors: 0, Skipped: 1, Time elapsed: 0.093 sec - in hudson.UtilTest
Running hudson.scheduler.CronTabEventualityTest
Tests run: 27, Failures: 0, Errors: 0, Skipped: 0, Time elapsed: 0.037 sec - in hudson.scheduler.CronTabEventualityTest
Running hudson.scheduler.CronTabDayOfWeekLocaleTest
Tests run: 2983, Failures: 0, Errors: 0, Skipped: 0, Time elapsed: 2.097 sec - in hudson.scheduler.CronTabDayOfWeekLocaleTest
Running hudson.scheduler.CronTabTest
Tests run: 20, Failures: 0, Errors: 0, Skipped: 0, Time elapsed: 0.059 sec - in hudson.scheduler.CronTabTest
Running hudson.LauncherTest
$ sh -c "echo $$$$ > /home/rfmu222/.jenkins/workspace/mp10_maven/core/target/junit7694186958107720130/junit6298442523411178671.tmp; sleep 30"
Terminated
Tests run: 4, Failures: 0, Errors: 0, Skipped: 0, Time elapsed: 2.402 sec - in hudson.LauncherTest
Running hudson.cli.handlers.ViewOptionHandlerTest
Tests run: 11, Failures: 0, Errors: 0, Skipped: 0, Time elapsed: 2.859 sec - in hudson.cli.handlers.ViewOptionHandlerTest
Running hudson.cli.ListJobsCommandTest
Tests run: 5, Failures: 0, Errors: 0, Skipped: 0, Time elapsed: 2.42 sec - in hudson.cli.ListJobsCommandTest

Results :

Tests run: 3400, Failures: 0, Errors: 0, Skipped: 3

[JENKINS] Recording test results
[INFO] 
[INFO] --- maven-jar-plugin:2.4:jar (default-jar) @ jenkins-core ---
[INFO] Building jar: /home/rfmu222/.jenkins/workspace/mp10_maven/core/target/jenkins-core-1.610-SNAPSHOT.jar
[INFO] 
[INFO] --- maven-install-plugin:2.3.1:install (default-install) @ jenkins-core ---
[INFO] Installing /home/rfmu222/.jenkins/workspace/mp10_maven/core/target/jenkins-core-1.610-SNAPSHOT.jar to /home/rfmu222/.m2/repository/org/jenkins-ci/main/jenkins-core/1.610-SNAPSHOT/jenkins-core-1.610-SNAPSHOT.jar
[INFO] Installing /home/rfmu222/.jenkins/workspace/mp10_maven/core/pom.xml to /home/rfmu222/.m2/repository/org/jenkins-ci/main/jenkins-core/1.610-SNAPSHOT/jenkins-core-1.610-SNAPSHOT.pom
[INFO]                                                                         
[INFO] ------------------------------------------------------------------------
[INFO] Building Jenkins war 1.610-SNAPSHOT
[INFO] ------------------------------------------------------------------------
[INFO] 
[INFO] --- maven-clean-plugin:2.4.1:clean (default-clean) @ jenkins-war ---
[INFO] Deleting /home/rfmu222/.jenkins/workspace/mp10_maven/war/target
[INFO] 
[INFO] --- maven-enforcer-plugin:1.0.1:enforce (enforce-maven) @ jenkins-war ---
[INFO] 
[INFO] --- maven-enforcer-plugin:1.0.1:display-info (display-info) @ jenkins-war ---
[INFO] Maven Version: 3.3.9
[INFO] JDK Version: 1.8.0_131 normalized as: 1.8.0-131
[INFO] OS Info: Arch: amd64 Family: unix Name: linux Version: 4.4.0-92-generic
[INFO] 
[INFO] --- maven-enforcer-plugin:1.0.1:enforce (default) @ jenkins-war ---
[INFO] Adding ignore: org.eclipse.jetty.spdy.*
[INFO] 
[INFO] --- maven-enforcer-plugin:1.0.1:enforce (enforce-banned-dependencies) @ jenkins-war ---
[INFO] 
[INFO] --- build-helper-maven-plugin:1.7:timestamp-property (timestamp-property) @ jenkins-war ---
[INFO] Setting property 'now' to '11/27/2017 02:19 GMT'.
[INFO] 
[INFO] --- build-helper-maven-plugin:1.7:regex-property (version-property) @ jenkins-war ---
[INFO] Setting property 'build.version' to '1.610-SNAPSHOT (private-11/27/2017 02:19 GMT-rfmu222)'.
[INFO] 
[INFO] --- build-helper-maven-plugin:1.7:add-source (add-source) @ jenkins-war ---
[INFO] Source directory: /home/rfmu222/.jenkins/workspace/mp10_maven/war/target/generated-sources/localizer added.
[INFO] 
[INFO] --- gmaven-plugin:1.5-jenkins-3:generateStubs (default) @ jenkins-war ---
[INFO] No sources found for Java stub generation
[INFO] 
[INFO] --- maven-dependency-plugin:2.8:list (list-dependencies) @ jenkins-war ---
[INFO] 
[INFO] --- maven-dependency-plugin:2.8:unpack-dependencies (executable-war-header) @ jenkins-war ---
[INFO] Unpacking /home/rfmu222/.m2/repository/org/jenkins-ci/executable-war/1.29/executable-war-1.29.jar to /home/rfmu222/.jenkins/workspace/mp10_maven/war/target/jenkins with includes "**/*.class" and excludes ""
[INFO] 
[INFO] --- maven-dependency-plugin:2.8:copy (resgen) @ jenkins-war ---
[INFO] Configured Artifact: org.jenkins-ci.main:remoting:?:jar
[INFO] Configured Artifact: org.jenkins-ci.main:remoting:?:jar
[INFO] Configured Artifact: org.jenkins-ci.main:cli:jar-with-dependencies:?:jar
[INFO] Configured Artifact: org.jenkins-ci:winstone:?:jar
[INFO] Configured Artifact: org.jenkins-ci.main:maven-plugin:?:hpi
[INFO] Configured Artifact: org.jenkins-ci.plugins:ssh-slaves:1.9:hpi
[INFO] Configured Artifact: org.jenkins-ci.plugins:credentials:1.18:hpi
[INFO] Configured Artifact: org.jenkins-ci.plugins:ssh-credentials:1.10:hpi
[INFO] Configured Artifact: org.jenkins-ci.plugins:subversion:1.54:hpi
[INFO] Configured Artifact: org.jenkins-ci.plugins:cvs:2.11:hpi
[INFO] Configured Artifact: org.jenkins-ci.plugins:ant:1.2:hpi
[INFO] Configured Artifact: org.jenkins-ci.plugins:javadoc:1.1:hpi
[INFO] Configured Artifact: org.jenkins-ci.plugins:translation:1.10:hpi
[INFO] Configured Artifact: org.jenkins-ci.plugins:external-monitor-job:1.4:hpi
[INFO] Configured Artifact: org.jenkins-ci.plugins:ldap:1.6:hpi
[INFO] Configured Artifact: org.jenkins-ci.plugins:pam-auth:1.1:hpi
[INFO] Configured Artifact: org.jenkins-ci.plugins:mailer:1.11:hpi
[INFO] Configured Artifact: org.jenkins-ci.plugins:matrix-auth:1.1:hpi
[INFO] Configured Artifact: org.jenkins-ci.plugins:windows-slaves:1.0:hpi
[INFO] Configured Artifact: org.jenkins-ci.plugins:antisamy-markup-formatter:1.1:hpi
[INFO] Configured Artifact: org.jenkins-ci.plugins:matrix-project:1.4.1:hpi
[INFO] Configured Artifact: org.jenkins-ci.plugins:script-security:1.13:hpi
[INFO] Configured Artifact: org.jenkins-ci.plugins:junit:1.2-beta-4:hpi
[INFO] Copying remoting-2.50.jar to /home/rfmu222/.jenkins/workspace/mp10_maven/war/target/jenkins/WEB-INF/remoting.jar
[INFO] Copying remoting-2.50.jar to /home/rfmu222/.jenkins/workspace/mp10_maven/war/target/jenkins/WEB-INF/slave.jar
[INFO] Copying cli-1.610-SNAPSHOT-jar-with-dependencies.jar to /home/rfmu222/.jenkins/workspace/mp10_maven/war/target/jenkins/WEB-INF/jenkins-cli.jar
[INFO] Copying winstone-2.8.jar to /home/rfmu222/.jenkins/workspace/mp10_maven/war/target/jenkins/winstone.jar
[INFO] Copying maven-plugin-2.7.1.hpi to /home/rfmu222/.jenkins/workspace/mp10_maven/war/target/jenkins/WEB-INF/plugins/maven-plugin.hpi
[INFO] Copying ssh-slaves-1.9.hpi to /home/rfmu222/.jenkins/workspace/mp10_maven/war/target/jenkins/WEB-INF/plugins/ssh-slaves.hpi
[INFO] Copying credentials-1.18.hpi to /home/rfmu222/.jenkins/workspace/mp10_maven/war/target/jenkins/WEB-INF/plugins/credentials.hpi
[INFO] Copying ssh-credentials-1.10.hpi to /home/rfmu222/.jenkins/workspace/mp10_maven/war/target/jenkins/WEB-INF/plugins/ssh-credentials.hpi
[INFO] Copying subversion-1.54.hpi to /home/rfmu222/.jenkins/workspace/mp10_maven/war/target/jenkins/WEB-INF/plugins/subversion.hpi
[INFO] Copying cvs-2.11.hpi to /home/rfmu222/.jenkins/workspace/mp10_maven/war/target/jenkins/WEB-INF/plugins/cvs.hpi
[INFO] Copying ant-1.2.hpi to /home/rfmu222/.jenkins/workspace/mp10_maven/war/target/jenkins/WEB-INF/plugins/ant.hpi
[INFO] Copying javadoc-1.1.hpi to /home/rfmu222/.jenkins/workspace/mp10_maven/war/target/jenkins/WEB-INF/plugins/javadoc.hpi
[INFO] Copying translation-1.10.hpi to /home/rfmu222/.jenkins/workspace/mp10_maven/war/target/jenkins/WEB-INF/plugins/translation.hpi
[INFO] Copying external-monitor-job-1.4.hpi to /home/rfmu222/.jenkins/workspace/mp10_maven/war/target/jenkins/WEB-INF/plugins/external-monitor-job.hpi
[INFO] Copying ldap-1.6.hpi to /home/rfmu222/.jenkins/workspace/mp10_maven/war/target/jenkins/WEB-INF/plugins/ldap.hpi
[INFO] Copying pam-auth-1.1.hpi to /home/rfmu222/.jenkins/workspace/mp10_maven/war/target/jenkins/WEB-INF/plugins/pam-auth.hpi
[INFO] Copying mailer-1.11.hpi to /home/rfmu222/.jenkins/workspace/mp10_maven/war/target/jenkins/WEB-INF/plugins/mailer.hpi
[INFO] Copying matrix-auth-1.1.hpi to /home/rfmu222/.jenkins/workspace/mp10_maven/war/target/jenkins/WEB-INF/plugins/matrix-auth.hpi
[INFO] Copying windows-slaves-1.0.hpi to /home/rfmu222/.jenkins/workspace/mp10_maven/war/target/jenkins/WEB-INF/plugins/windows-slaves.hpi
[INFO] Copying antisamy-markup-formatter-1.1.hpi to /home/rfmu222/.jenkins/workspace/mp10_maven/war/target/jenkins/WEB-INF/plugins/antisamy-markup-formatter.hpi
[INFO] Copying matrix-project-1.4.1.hpi to /home/rfmu222/.jenkins/workspace/mp10_maven/war/target/jenkins/WEB-INF/plugins/matrix-project.hpi
[INFO] Copying script-security-1.13.hpi to /home/rfmu222/.jenkins/workspace/mp10_maven/war/target/jenkins/WEB-INF/plugins/script-security.hpi
[INFO] Copying junit-1.2-beta-4.hpi to /home/rfmu222/.jenkins/workspace/mp10_maven/war/target/jenkins/WEB-INF/plugins/junit.hpi
[INFO] 
[INFO] --- maven-remote-resources-plugin:1.2.1:process (default) @ jenkins-war ---
[INFO] 
[INFO] --- maven-resources-plugin:2.6:resources (default-resources) @ jenkins-war ---
[INFO] Using 'UTF-8' encoding to copy filtered resources.
[INFO] skip non existing resourceDirectory /home/rfmu222/.jenkins/workspace/mp10_maven/war/src/main/resources
[INFO] skip non existing resourceDirectory /home/rfmu222/.jenkins/workspace/mp10_maven/war/src/filter/resources
[INFO] 
[INFO] --- maven-compiler-plugin:3.0:compile (default-compile) @ jenkins-war ---
[INFO] No sources to compile
[INFO] 
[INFO] --- maven-license-plugin:1.7:process (default) @ jenkins-war ---
[INFO] Generated /home/rfmu222/.jenkins/workspace/mp10_maven/war/target/classes/META-INF/licenses.xml
[INFO] About to transform xml /home/rfmu222/.jenkins/workspace/mp10_maven/war/target/classes/META-INF/licenses.xml into html /home/rfmu222/.jenkins/workspace/mp10_maven/war/target/classes/META-INF/licenses.html with licenses.xslt com.sun.org.apache.xalan.internal.xsltc.trax.TemplatesImpl@715b348b
[INFO] Generated /home/rfmu222/.jenkins/workspace/mp10_maven/war/target/classes/META-INF/licenses.html
[INFO] 
[INFO] --- gmaven-plugin:1.5-jenkins-3:compile (default) @ jenkins-war ---
[INFO] No sources found to compile
[INFO] 
[INFO] --- animal-sniffer-maven-plugin:1.9:check (default) @ jenkins-war ---
[INFO] Checking unresolved references to org.codehaus.mojo.signature:java16:1.0
[INFO] 
[INFO] --- gmaven-plugin:1.5-jenkins-3:generateTestStubs (default) @ jenkins-war ---
[INFO] No sources found for Java stub generation
[INFO] 
[INFO] --- maven-resources-plugin:2.6:testResources (default-testResources) @ jenkins-war ---
[INFO] Using 'UTF-8' encoding to copy filtered resources.
[INFO] skip non existing resourceDirectory /home/rfmu222/.jenkins/workspace/mp10_maven/war/src/test/resources
[INFO] 
[INFO] --- maven-compiler-plugin:3.0:testCompile (default-testCompile) @ jenkins-war ---
[INFO] No sources to compile
[INFO] 
[INFO] --- gmaven-plugin:1.5-jenkins-3:testCompile (default) @ jenkins-war ---
[INFO] No sources found to compile
[INFO] 
[INFO] --- maven-surefire-plugin:2.16:test (default-test) @ jenkins-war ---
[INFO] No tests to run.
[JENKINS] Recording test results
[INFO] 
[INFO] --- maven-war-plugin:2.3:war (default-war) @ jenkins-war ---
[INFO] Packaging webapp
[INFO] Assembling webapp [jenkins-war] in [/home/rfmu222/.jenkins/workspace/mp10_maven/war/target/jenkins]
[INFO] Processing war project
[INFO] Copying webapp resources [/home/rfmu222/.jenkins/workspace/mp10_maven/war/src/main/webapp]
[INFO] Webapp assembled in [1890 msecs]
[INFO] Building war: /home/rfmu222/.jenkins/workspace/mp10_maven/war/target/jenkins.war
[INFO] 
[INFO] --- build-helper-maven-plugin:1.7:attach-artifact (deploy-war-for-test) @ jenkins-war ---
[INFO] 
[INFO] --- maven-install-plugin:2.3.1:install (default-install) @ jenkins-war ---
[INFO] Installing /home/rfmu222/.jenkins/workspace/mp10_maven/war/target/jenkins.war to /home/rfmu222/.m2/repository/org/jenkins-ci/main/jenkins-war/1.610-SNAPSHOT/jenkins-war-1.610-SNAPSHOT.war
[INFO] Installing /home/rfmu222/.jenkins/workspace/mp10_maven/war/pom.xml to /home/rfmu222/.m2/repository/org/jenkins-ci/main/jenkins-war/1.610-SNAPSHOT/jenkins-war-1.610-SNAPSHOT.pom
[INFO] Installing /home/rfmu222/.jenkins/workspace/mp10_maven/war/target/classes/META-INF/licenses.xml to /home/rfmu222/.m2/repository/org/jenkins-ci/main/jenkins-war/1.610-SNAPSHOT/jenkins-war-1.610-SNAPSHOT.license.xml
[INFO] Installing /home/rfmu222/.jenkins/workspace/mp10_maven/war/target/classes/META-INF/licenses.html to /home/rfmu222/.m2/repository/org/jenkins-ci/main/jenkins-war/1.610-SNAPSHOT/jenkins-war-1.610-SNAPSHOT.license.html
[INFO] Installing /home/rfmu222/.jenkins/workspace/mp10_maven/war/target/jenkins.war to /home/rfmu222/.m2/repository/org/jenkins-ci/main/jenkins-war/1.610-SNAPSHOT/jenkins-war-1.610-SNAPSHOT-war-for-test.jar
[INFO]                                                                         
[INFO] ------------------------------------------------------------------------
[INFO] Building Test harness for Jenkins and plugins 1.610-SNAPSHOT
[INFO] ------------------------------------------------------------------------
[INFO] 
[INFO] --- maven-clean-plugin:2.4.1:clean (default-clean) @ jenkins-test-harness ---
[INFO] Deleting /home/rfmu222/.jenkins/workspace/mp10_maven/test/target
[INFO] 
[INFO] --- maven-enforcer-plugin:1.0.1:enforce (enforce-maven) @ jenkins-test-harness ---
[INFO] 
[INFO] --- maven-enforcer-plugin:1.0.1:display-info (display-info) @ jenkins-test-harness ---
[INFO] Maven Version: 3.3.9
[INFO] JDK Version: 1.8.0_131 normalized as: 1.8.0-131
[INFO] OS Info: Arch: amd64 Family: unix Name: linux Version: 4.4.0-92-generic
[INFO] 
[INFO] --- maven-enforcer-plugin:1.0.1:enforce (default) @ jenkins-test-harness ---
[INFO] Adding ignore: org.eclipse.jetty.spdy.*
[INFO] 
[INFO] --- maven-enforcer-plugin:1.0.1:enforce (enforce-banned-dependencies) @ jenkins-test-harness ---
[INFO] 
[INFO] --- build-helper-maven-plugin:1.7:timestamp-property (timestamp-property) @ jenkins-test-harness ---
[INFO] Setting property 'now' to '11/27/2017 02:19 GMT'.
[INFO] 
[INFO] --- build-helper-maven-plugin:1.7:regex-property (version-property) @ jenkins-test-harness ---
[INFO] Setting property 'build.version' to '1.610-SNAPSHOT (private-11/27/2017 02:19 GMT-rfmu222)'.
[INFO] 
[INFO] --- build-helper-maven-plugin:1.7:add-source (add-source) @ jenkins-test-harness ---
[INFO] Source directory: /home/rfmu222/.jenkins/workspace/mp10_maven/test/target/generated-sources/localizer added.
[INFO] 
[INFO] --- gmaven-plugin:1.5-jenkins-3:generateStubs (default) @ jenkins-test-harness ---
[INFO] No sources found for Java stub generation
[INFO] 
[INFO] --- maven-remote-resources-plugin:1.2.1:process (default) @ jenkins-test-harness ---
[INFO] 
[INFO] --- maven-resources-plugin:2.6:resources (default-resources) @ jenkins-test-harness ---
[INFO] Using 'UTF-8' encoding to copy filtered resources.
[INFO] Copying 22 resources
[INFO] skip non existing resourceDirectory /home/rfmu222/.jenkins/workspace/mp10_maven/test/src/filter/resources
[INFO] 
[INFO] --- gmaven-plugin:1.5-jenkins-3:execute (preset-packager) @ jenkins-test-harness ---
[INFO] 
[INFO] --- maven-compiler-plugin:3.0:compile (default-compile) @ jenkins-test-harness ---
[INFO] Changes detected - recompiling the module!
[INFO] Compiling 70 source files to /home/rfmu222/.jenkins/workspace/mp10_maven/test/target/classes
[INFO] 
[INFO] --- gmaven-plugin:1.5-jenkins-3:compile (default) @ jenkins-test-harness ---
[INFO] No sources found to compile
[INFO] 
[INFO] --- animal-sniffer-maven-plugin:1.9:check (default) @ jenkins-test-harness ---
[INFO] Signature checking is skipped.
[INFO] 
[INFO] --- gmaven-plugin:1.5-jenkins-3:generateTestStubs (default) @ jenkins-test-harness ---
[INFO] Generated 45 Java stubs
[INFO] 
[INFO] --- maven-resources-plugin:2.6:testResources (default-testResources) @ jenkins-test-harness ---
[INFO] Using 'UTF-8' encoding to copy filtered resources.
[INFO] Copying 108 resources
[INFO] 
[INFO] --- maven-compiler-plugin:3.0:testCompile (default-testCompile) @ jenkins-test-harness ---
[INFO] Changes detected - recompiling the module!
[INFO] Compiling 213 source files to /home/rfmu222/.jenkins/workspace/mp10_maven/test/target/test-classes
[INFO] 
[INFO] --- gmaven-plugin:1.5-jenkins-3:testCompile (default) @ jenkins-test-harness ---
[INFO] Compiled 62 Groovy classes
[INFO] 
[INFO] --- maven-surefire-plugin:2.16:test (default-test) @ jenkins-test-harness ---
[INFO] Tests are skipped.
[INFO] 
[INFO] --- maven-jar-plugin:2.4:jar (default-jar) @ jenkins-test-harness ---
[INFO] Building jar: /home/rfmu222/.jenkins/workspace/mp10_maven/test/target/jenkins-test-harness-1.610-SNAPSHOT.jar
[INFO] 
[INFO] --- maven-install-plugin:2.3.1:install (default-install) @ jenkins-test-harness ---
[INFO] Installing /home/rfmu222/.jenkins/workspace/mp10_maven/test/target/jenkins-test-harness-1.610-SNAPSHOT.jar to /home/rfmu222/.m2/repository/org/jenkins-ci/main/jenkins-test-harness/1.610-SNAPSHOT/jenkins-test-harness-1.610-SNAPSHOT.jar
[INFO] Installing /home/rfmu222/.jenkins/workspace/mp10_maven/test/pom.xml to /home/rfmu222/.m2/repository/org/jenkins-ci/main/jenkins-test-harness/1.610-SNAPSHOT/jenkins-test-harness-1.610-SNAPSHOT.pom
[INFO]                                                                         
[INFO] ------------------------------------------------------------------------
[INFO] Building Jenkins plugin POM 1.610-SNAPSHOT
[INFO] ------------------------------------------------------------------------
[INFO] 
[INFO] --- maven-clean-plugin:2.4.1:clean (default-clean) @ plugin ---
[INFO] Deleting /home/rfmu222/.jenkins/workspace/mp10_maven/plugins/target
[INFO] 
[INFO] --- maven-enforcer-plugin:1.0.1:enforce (enforce-maven) @ plugin ---
[INFO] 
[INFO] --- maven-enforcer-plugin:1.0.1:display-info (display-info) @ plugin ---
[INFO] Maven Version: 3.3.9
[INFO] JDK Version: 1.8.0_131 normalized as: 1.8.0-131
[INFO] OS Info: Arch: amd64 Family: unix Name: linux Version: 4.4.0-92-generic
[INFO] 
[INFO] --- maven-localizer-plugin:1.14:generate (default) @ plugin ---
[INFO] 
[INFO] --- gmaven-plugin:1.5-jenkins-1:generateTestStubs (test-in-groovy) @ plugin ---
[INFO] No sources found for Java stub generation
[INFO] 
[INFO] --- gmaven-plugin:1.5-jenkins-1:testCompile (test-in-groovy) @ plugin ---
[INFO] No sources found to compile
[INFO] 
[INFO] --- maven-license-plugin:1.7:process (default) @ plugin ---
[INFO] Generated /home/rfmu222/.jenkins/workspace/mp10_maven/plugins/target/plugin/WEB-INF/licenses.xml
[INFO] 
[INFO] --- maven-install-plugin:2.3.1:install (default-install) @ plugin ---
[INFO] Installing /home/rfmu222/.jenkins/workspace/mp10_maven/plugins/pom.xml to /home/rfmu222/.m2/repository/org/jenkins-ci/plugins/plugin/1.610-SNAPSHOT/plugin-1.610-SNAPSHOT.pom
[INFO] ------------------------------------------------------------------------
[INFO] Reactor Summary:
[INFO] 
[INFO] Jenkins main module ................................ SUCCESS [  4.939 s]
[INFO] Jenkins cli ........................................ SUCCESS [ 18.007 s]
[INFO] Jenkins core ....................................... SUCCESS [02:47 min]
[INFO] Jenkins war ........................................ SUCCESS [ 29.346 s]
[INFO] Test harness for Jenkins and plugins ............... SUCCESS [ 44.745 s]
[INFO] Jenkins plugin POM ................................. SUCCESS [  8.263 s]
[INFO] ------------------------------------------------------------------------
[INFO] BUILD SUCCESS
[INFO] ------------------------------------------------------------------------
[INFO] Total time: 04:45 min
[INFO] Finished at: 2017-11-26T21:20:29-05:00
[INFO] Final Memory: 96M/840M
[INFO] ------------------------------------------------------------------------
Waiting for Jenkins to finish collecting data
[JENKINS] Archiving /home/rfmu222/.jenkins/workspace/mp10_maven/war/pom.xml to org.jenkins-ci.main/jenkins-war/1.610-SNAPSHOT/jenkins-war-1.610-SNAPSHOT.pom
[JENKINS] Archiving /home/rfmu222/.jenkins/workspace/mp10_maven/war/target/jenkins.war to org.jenkins-ci.main/jenkins-war/1.610-SNAPSHOT/jenkins-war-1.610-SNAPSHOT.war
[JENKINS] Archiving /home/rfmu222/.jenkins/workspace/mp10_maven/war/target/classes/META-INF/licenses.xml to org.jenkins-ci.main/jenkins-war/1.610-SNAPSHOT/jenkins-war-1.610-SNAPSHOT.license.xml
[JENKINS] Archiving /home/rfmu222/.jenkins/workspace/mp10_maven/war/target/classes/META-INF/licenses.html to org.jenkins-ci.main/jenkins-war/1.610-SNAPSHOT/jenkins-war-1.610-SNAPSHOT.license.html
[JENKINS] Archiving /home/rfmu222/.jenkins/workspace/mp10_maven/war/target/jenkins.war to org.jenkins-ci.main/jenkins-war/1.610-SNAPSHOT/jenkins-war-1.610-SNAPSHOT-war-for-test.jar
[JENKINS] Archiving /home/rfmu222/.jenkins/workspace/mp10_maven/plugins/pom.xml to org.jenkins-ci.plugins/plugin/1.610-SNAPSHOT/plugin-1.610-SNAPSHOT.pom
[JENKINS] Archiving /home/rfmu222/.jenkins/workspace/mp10_maven/cli/pom.xml to org.jenkins-ci.main/cli/1.610-SNAPSHOT/cli-1.610-SNAPSHOT.pom
[JENKINS] Archiving /home/rfmu222/.jenkins/workspace/mp10_maven/cli/target/cli-1.610-SNAPSHOT.jar to org.jenkins-ci.main/cli/1.610-SNAPSHOT/cli-1.610-SNAPSHOT.jar
[JENKINS] Archiving /home/rfmu222/.jenkins/workspace/mp10_maven/cli/target/cli-1.610-SNAPSHOT-jar-with-dependencies.jar to org.jenkins-ci.main/cli/1.610-SNAPSHOT/cli-1.610-SNAPSHOT-jar-with-dependencies.jar
[JENKINS] Archiving /home/rfmu222/.jenkins/workspace/mp10_maven/core/pom.xml to org.jenkins-ci.main/jenkins-core/1.610-SNAPSHOT/jenkins-core-1.610-SNAPSHOT.pom
[JENKINS] Archiving /home/rfmu222/.jenkins/workspace/mp10_maven/core/target/jenkins-core-1.610-SNAPSHOT.jar to org.jenkins-ci.main/jenkins-core/1.610-SNAPSHOT/jenkins-core-1.610-SNAPSHOT.jar
[JENKINS] Archiving /home/rfmu222/.jenkins/workspace/mp10_maven/test/pom.xml to org.jenkins-ci.main/jenkins-test-harness/1.610-SNAPSHOT/jenkins-test-harness-1.610-SNAPSHOT.pom
[JENKINS] Archiving /home/rfmu222/.jenkins/workspace/mp10_maven/test/target/jenkins-test-harness-1.610-SNAPSHOT.jar to org.jenkins-ci.main/jenkins-test-harness/1.610-SNAPSHOT/jenkins-test-harness-1.610-SNAPSHOT.jar
[JENKINS] Archiving /home/rfmu222/.jenkins/workspace/mp10_maven/pom.xml to org.jenkins-ci.main/pom/1.610-SNAPSHOT/pom-1.610-SNAPSHOT.pom
channel stopped
Finished: SUCCESS
